<?xml version="1.0" encoding="UTF-8"?>
<testng-results skipped="0" failed="0" ignored="0" total="0" passed="0">
  <reporter-output>
  </reporter-output>
  <suite name="Default suite" duration-ms="8" started-at="2019-12-07T11:30:56Z" finished-at="2019-12-07T11:30:56Z">
    <groups>
    </groups>
    <test name="Default test" duration-ms="8" started-at="2019-12-07T11:30:56Z" finished-at="2019-12-07T11:30:56Z">
      <class name="driver.DriverScript">
        <test-method status="PASS" signature="loadClassFiles()[pri:0, instance:driver.DriverScript@3e6fa38a]" name="loadClassFiles" is-config="true" duration-ms="80" started-at="2019-12-07T11:30:56Z" finished-at="2019-12-07T11:30:56Z">
          <reporter-output>
          </reporter-output>
        </test-method> <!-- loadClassFiles -->
        <test-method status="PASS" signature="postRequisite()[pri:0, instance:driver.DriverScript@3e6fa38a]" name="postRequisite" is-config="true" duration-ms="1" started-at="2019-12-07T11:30:56Z" finished-at="2019-12-07T11:30:56Z">
          <reporter-output>
          </reporter-output>
        </test-method> <!-- postRequisite -->
      </class> <!-- driver.DriverScript -->
    </test> <!-- Default test -->
  </suite> <!-- Default suite -->
</testng-results>
